CRITICAL - 2024-09-11 22:57:42 --> Array to string conversion
in APPPATH\Controllers\Conexao.php on line 26.
 1 APPPATH\Controllers\Conexao.php(26): CodeIgniter\Debug\Exceptions->errorHandler(2, 'Array to string conversion', 'C:\\xampp\\htdocs\\projetoBD\\app\\Controllers\\Conexao.php', 26)
 2 SYSTEMPATH\CodeIgniter.php(934): App\Controllers\Conexao->testConexao()
 3 SYSTEMPATH\CodeIgniter.php(499): CodeIgniter\CodeIgniter->runController(Object(App\Controllers\Conexao))
 4 SYSTEMPATH\CodeIgniter.php(368): CodeIgniter\CodeIgniter->handleRequest(null, Object(Config\Cache), false)
 5 FCPATH\index.php(67): CodeIgniter\CodeIgniter->run()
CRITICAL - 2024-09-11 23:05:46 --> Call to undefined method App\Models\ModelProfessor::profiId
in SYSTEMPATH\Model.php on line 842.
 1 APPPATH\Controllers\Conexao.php(28): CodeIgniter\Model->__call('profiId', [...])
 2 SYSTEMPATH\CodeIgniter.php(934): App\Controllers\Conexao->testConexao()
 3 SYSTEMPATH\CodeIgniter.php(499): CodeIgniter\CodeIgniter->runController(Object(App\Controllers\Conexao))
 4 SYSTEMPATH\CodeIgniter.php(368): CodeIgniter\CodeIgniter->handleRequest(null, Object(Config\Cache), false)
 5 FCPATH\index.php(67): CodeIgniter\CodeIgniter->run()
CRITICAL - 2024-09-11 23:06:04 --> Call to undefined method App\Models\ModelProfessor::profiId
in SYSTEMPATH\Model.php on line 842.
 1 APPPATH\Controllers\Conexao.php(28): CodeIgniter\Model->__call('profiId', [...])
 2 SYSTEMPATH\CodeIgniter.php(934): App\Controllers\Conexao->testConexao()
 3 SYSTEMPATH\CodeIgniter.php(499): CodeIgniter\CodeIgniter->runController(Object(App\Controllers\Conexao))
 4 SYSTEMPATH\CodeIgniter.php(368): CodeIgniter\CodeIgniter->handleRequest(null, Object(Config\Cache), false)
 5 FCPATH\index.php(67): CodeIgniter\CodeIgniter->run()
CRITICAL - 2024-09-11 23:08:35 --> syntax error, unexpected token "}", expecting identifier or variable or "{" or "$"
in APPPATH\Models\ModelProfessor.php on line 36.
 1 SYSTEMPATH\Autoloader\Autoloader.php(289): CodeIgniter\Autoloader\Autoloader->includeFile('C:\\xampp\\htdocs\\projetoBD\\app\\Models\\ModelProfessor.php')
 2 SYSTEMPATH\Autoloader\Autoloader.php(267): CodeIgniter\Autoloader\Autoloader->loadInNamespace('App\\Models\\ModelProfessor')
 3 APPPATH\Controllers\Conexao.php(19): CodeIgniter\Autoloader\Autoloader->loadClass('App\\Models\\ModelProfessor')
 4 SYSTEMPATH\CodeIgniter.php(934): App\Controllers\Conexao->testConexao()
 5 SYSTEMPATH\CodeIgniter.php(499): CodeIgniter\CodeIgniter->runController(Object(App\Controllers\Conexao))
 6 SYSTEMPATH\CodeIgniter.php(368): CodeIgniter\CodeIgniter->handleRequest(null, Object(Config\Cache), false)
 7 FCPATH\index.php(67): CodeIgniter\CodeIgniter->run()
CRITICAL - 2024-09-11 23:08:36 --> syntax error, unexpected token "}", expecting identifier or variable or "{" or "$"
in APPPATH\Models\ModelProfessor.php on line 36.
 1 SYSTEMPATH\Autoloader\Autoloader.php(289): CodeIgniter\Autoloader\Autoloader->includeFile('C:\\xampp\\htdocs\\projetoBD\\app\\Models\\ModelProfessor.php')
 2 SYSTEMPATH\Autoloader\Autoloader.php(267): CodeIgniter\Autoloader\Autoloader->loadInNamespace('App\\Models\\ModelProfessor')
 3 APPPATH\Controllers\Conexao.php(19): CodeIgniter\Autoloader\Autoloader->loadClass('App\\Models\\ModelProfessor')
 4 SYSTEMPATH\CodeIgniter.php(934): App\Controllers\Conexao->testConexao()
 5 SYSTEMPATH\CodeIgniter.php(499): CodeIgniter\CodeIgniter->runController(Object(App\Controllers\Conexao))
 6 SYSTEMPATH\CodeIgniter.php(368): CodeIgniter\CodeIgniter->handleRequest(null, Object(Config\Cache), false)
 7 FCPATH\index.php(67): CodeIgniter\CodeIgniter->run()
CRITICAL - 2024-09-11 23:10:08 --> Call to undefined method App\Models\ModelProfessor::localiza
in SYSTEMPATH\Model.php on line 842.
 1 APPPATH\Models\ModelProfessor.php(30): CodeIgniter\Model->__call('localiza', [...])
 2 APPPATH\Controllers\Conexao.php(28): App\Models\ModelProfessor->localizaPorId(1)
 3 SYSTEMPATH\CodeIgniter.php(934): App\Controllers\Conexao->testConexao()
 4 SYSTEMPATH\CodeIgniter.php(499): CodeIgniter\CodeIgniter->runController(Object(App\Controllers\Conexao))
 5 SYSTEMPATH\CodeIgniter.php(368): CodeIgniter\CodeIgniter->handleRequest(null, Object(Config\Cache), false)
 6 FCPATH\index.php(67): CodeIgniter\CodeIgniter->run()
CRITICAL - 2024-09-11 23:26:04 --> CodeIgniter\BaseModel::transformDataToArray(): Return value must be of type array, string returned
in SYSTEMPATH\BaseModel.php on line 1706.
 1 SYSTEMPATH\BaseModel.php(910): CodeIgniter\BaseModel->transformDataToArray('nome=>Jessica Costa', 'update')
 2 SYSTEMPATH\Model.php(756): CodeIgniter\BaseModel->update([...], 'nome=>Jessica Costa')
 3 APPPATH\Models\ModelProfessor.php(39): CodeIgniter\Model->update(6, 'nome=>Jessica Costa')
 4 APPPATH\Controllers\Conexao.php(51): App\Models\ModelProfessor->atualiza(6, 'nome=>Jessica Costa')
 5 SYSTEMPATH\CodeIgniter.php(934): App\Controllers\Conexao->testConexao()
 6 SYSTEMPATH\CodeIgniter.php(499): CodeIgniter\CodeIgniter->runController(Object(App\Controllers\Conexao))
 7 SYSTEMPATH\CodeIgniter.php(368): CodeIgniter\CodeIgniter->handleRequest(null, Object(Config\Cache), false)
 8 FCPATH\index.php(67): CodeIgniter\CodeIgniter->run()
