ERROR - 2024-09-12 23:07:35 --> mysqli_sql_exception: Table 'biblioteca_db.autors' doesn't exist in C:\xampp\htdocs\Biblioteca\system\Database\MySQLi\Connection.php:295
Stack trace:
#0 C:\xampp\htdocs\Biblioteca\system\Database\MySQLi\Connection.php(295): mysqli->query('SELECT *\nFROM `...', 0)
#1 C:\xampp\htdocs\Biblioteca\system\Database\BaseConnection.php(692): CodeIgniter\Database\MySQLi\Connection->execute('SELECT *\nFROM `...')
#2 C:\xampp\htdocs\Biblioteca\system\Database\BaseConnection.php(606): CodeIgniter\Database\BaseConnection->simpleQuery('SELECT *\nFROM `...')
#3 C:\xampp\htdocs\Biblioteca\system\Database\BaseBuilder.php(1616): CodeIgniter\Database\BaseConnection->query('SELECT *\nFROM `...', Array, false)
#4 C:\xampp\htdocs\Biblioteca\system\Model.php(241): CodeIgniter\Database\BaseBuilder->get()
#5 C:\xampp\htdocs\Biblioteca\system\BaseModel.php(618): CodeIgniter\Model->doFindAll(0, 0)
#6 C:\xampp\htdocs\Biblioteca\app\Models\Autor.php(43): CodeIgniter\BaseModel->findAll()
#7 C:\xampp\htdocs\Biblioteca\app\Controllers\Conexao.php(21): App\Models\Autor->verDados()
#8 C:\xampp\htdocs\Biblioteca\system\CodeIgniter.php(934): App\Controllers\Conexao->testConexao()
#9 C:\xampp\htdocs\Biblioteca\system\CodeIgniter.php(499): CodeIgniter\CodeIgniter->runController(Object(App\Controllers\Conexao))
#10 C:\xampp\htdocs\Biblioteca\system\CodeIgniter.php(368): CodeIgniter\CodeIgniter->handleRequest(NULL, Object(Config\Cache), false)
#11 C:\xampp\htdocs\Biblioteca\public\index.php(67): CodeIgniter\CodeIgniter->run()
#12 {main}
CRITICAL - 2024-09-12 23:07:35 --> Table 'biblioteca_db.autors' doesn't exist
in SYSTEMPATH\Database\MySQLi\Connection.php on line 295.
 1 SYSTEMPATH\Database\MySQLi\Connection.php(295): mysqli->query('SELECT *
FROM `autors`', 0)
 2 SYSTEMPATH\Database\BaseConnection.php(692): CodeIgniter\Database\MySQLi\Connection->execute('SELECT *
FROM `autors`')
 3 SYSTEMPATH\Database\BaseConnection.php(606): CodeIgniter\Database\BaseConnection->simpleQuery('SELECT *
FROM `autors`')
 4 SYSTEMPATH\Database\BaseBuilder.php(1616): CodeIgniter\Database\BaseConnection->query('SELECT *
FROM `autors`', [], false)
 5 SYSTEMPATH\Model.php(241): CodeIgniter\Database\BaseBuilder->get()
 6 SYSTEMPATH\BaseModel.php(618): CodeIgniter\Model->doFindAll(0, 0)
 7 APPPATH\Models\Autor.php(43): CodeIgniter\BaseModel->findAll()
 8 APPPATH\Controllers\Conexao.php(21): App\Models\Autor->verDados()
 9 SYSTEMPATH\CodeIgniter.php(934): App\Controllers\Conexao->testConexao()
10 SYSTEMPATH\CodeIgniter.php(499): CodeIgniter\CodeIgniter->runController(Object(App\Controllers\Conexao))
11 SYSTEMPATH\CodeIgniter.php(368): CodeIgniter\CodeIgniter->handleRequest(null, Object(Config\Cache), false)
12 FCPATH\index.php(67): CodeIgniter\CodeIgniter->run()
CRITICAL - 2024-09-12 23:17:54 --> There is no data to insert.
in SYSTEMPATH\BaseModel.php on line 762.
 1 SYSTEMPATH\BaseModel.php(762): CodeIgniter\Database\Exceptions\DataException::forEmptyDataset('insert')
 2 SYSTEMPATH\Model.php(730): CodeIgniter\BaseModel->insert([], true)
 3 APPPATH\Models\Autor.php(51): CodeIgniter\Model->insert([...])
 4 APPPATH\Controllers\Conexao.php(38): App\Models\Autor->inserirDados('Birilo', 'daRoca')
 5 SYSTEMPATH\CodeIgniter.php(934): App\Controllers\Conexao->testConexao()
 6 SYSTEMPATH\CodeIgniter.php(499): CodeIgniter\CodeIgniter->runController(Object(App\Controllers\Conexao))
 7 SYSTEMPATH\CodeIgniter.php(368): CodeIgniter\CodeIgniter->handleRequest(null, Object(Config\Cache), false)
 8 FCPATH\index.php(67): CodeIgniter\CodeIgniter->run()
