CRITICAL - 2024-09-03 22:16:39 --> Access denied for user 'teste'@'localhost' (using password: YES)
in SYSTEMPATH\Database\MySQLi\Connection.php on line 173.
 1 SYSTEMPATH\Database\MySQLi\Connection.php(173): mysqli->real_connect('localhost', 'teste', Object(SensitiveParameterValue), 'testecurso', 3306, '', 0)
 2 APPPATH\Controllers\Home.php(12): CodeIgniter\Database\MySQLi\Connection->connect()
 3 SYSTEMPATH\CodeIgniter.php(934): App\Controllers\Home->acesso()
 4 SYSTEMPATH\CodeIgniter.php(499): CodeIgniter\CodeIgniter->runController(Object(App\Controllers\Home))
 5 SYSTEMPATH\CodeIgniter.php(368): CodeIgniter\CodeIgniter->handleRequest(null, Object(Config\Cache), false)
 6 FCPATH\index.php(67): CodeIgniter\CodeIgniter->run()
ERROR - 2024-09-03 22:53:28 --> mysqli_sql_exception: You have an error in your SQL syntax; check the manual that corresponds to your MariaDB server version for the right syntax to use near 'NOT NULL,
	CONSTRAINT `pk_professor` PRIMARY KEY(`id`)
) DEFAULT CHARACTER SE...' at line 4 in C:\xampp4\htdocs\bancoDadosAluno\system\Database\MySQLi\Connection.php:295
Stack trace:
#0 C:\xampp4\htdocs\bancoDadosAluno\system\Database\MySQLi\Connection.php(295): mysqli->query('CREATE TABLE `p...', 0)
#1 C:\xampp4\htdocs\bancoDadosAluno\system\Database\BaseConnection.php(692): CodeIgniter\Database\MySQLi\Connection->execute('CREATE TABLE `p...')
#2 C:\xampp4\htdocs\bancoDadosAluno\system\Database\BaseConnection.php(606): CodeIgniter\Database\BaseConnection->simpleQuery('CREATE TABLE `p...')
#3 C:\xampp4\htdocs\bancoDadosAluno\system\Database\Forge.php(546): CodeIgniter\Database\BaseConnection->query('CREATE TABLE `p...')
#4 C:\xampp4\htdocs\bancoDadosAluno\app\Database\Migrations\2024-09-03-222307_CreateTableProfessor.php(28): CodeIgniter\Database\Forge->createTable('professor')
#5 C:\xampp4\htdocs\bancoDadosAluno\system\Database\MigrationRunner.php(877): App\Database\Migrations\CreateTableProfessor->up()
#6 C:\xampp4\htdocs\bancoDadosAluno\system\Database\MigrationRunner.php(188): CodeIgniter\Database\MigrationRunner->migrate('up', Object(stdClass))
#7 C:\xampp4\htdocs\bancoDadosAluno\system\Commands\Database\Migrate.php(84): CodeIgniter\Database\MigrationRunner->latest(NULL)
#8 C:\xampp4\htdocs\bancoDadosAluno\system\CLI\Commands.php(65): CodeIgniter\Commands\Database\Migrate->run(Array)
#9 C:\xampp4\htdocs\bancoDadosAluno\system\CLI\Console.php(37): CodeIgniter\CLI\Commands->run('migrate', Array)
#10 C:\xampp4\htdocs\bancoDadosAluno\spark(97): CodeIgniter\CLI\Console->run()
#11 {main}
ERROR - 2024-09-03 23:00:11 --> mysqli_sql_exception: You have an error in your SQL syntax; check the manual that corresponds to your MariaDB server version for the right syntax to use near 'NOT NULL,
	CONSTRAINT `pk_professor` PRIMARY KEY(`id`)
) DEFAULT CHARACTER SE...' at line 4 in C:\xampp4\htdocs\bancoDadosAluno\system\Database\MySQLi\Connection.php:295
Stack trace:
#0 C:\xampp4\htdocs\bancoDadosAluno\system\Database\MySQLi\Connection.php(295): mysqli->query('CREATE TABLE `p...', 0)
#1 C:\xampp4\htdocs\bancoDadosAluno\system\Database\BaseConnection.php(692): CodeIgniter\Database\MySQLi\Connection->execute('CREATE TABLE `p...')
#2 C:\xampp4\htdocs\bancoDadosAluno\system\Database\BaseConnection.php(606): CodeIgniter\Database\BaseConnection->simpleQuery('CREATE TABLE `p...')
#3 C:\xampp4\htdocs\bancoDadosAluno\system\Database\Forge.php(546): CodeIgniter\Database\BaseConnection->query('CREATE TABLE `p...')
#4 C:\xampp4\htdocs\bancoDadosAluno\app\Database\Migrations\2024-09-03-222307_CreateTableProfessor.php(29): CodeIgniter\Database\Forge->createTable('professor')
#5 C:\xampp4\htdocs\bancoDadosAluno\system\Database\MigrationRunner.php(877): App\Database\Migrations\CreateTableProfessor->up()
#6 C:\xampp4\htdocs\bancoDadosAluno\system\Database\MigrationRunner.php(188): CodeIgniter\Database\MigrationRunner->migrate('up', Object(stdClass))
#7 C:\xampp4\htdocs\bancoDadosAluno\system\Commands\Database\Migrate.php(84): CodeIgniter\Database\MigrationRunner->latest(NULL)
#8 C:\xampp4\htdocs\bancoDadosAluno\system\CLI\Commands.php(65): CodeIgniter\Commands\Database\Migrate->run(Array)
#9 C:\xampp4\htdocs\bancoDadosAluno\system\CLI\Console.php(37): CodeIgniter\CLI\Commands->run('migrate', Array)
#10 C:\xampp4\htdocs\bancoDadosAluno\spark(97): CodeIgniter\CLI\Console->run()
#11 {main}
ERROR - 2024-09-03 23:01:25 --> mysqli_sql_exception: You have an error in your SQL syntax; check the manual that corresponds to your MariaDB server version for the right syntax to use near 'NOT NULL,
	CONSTRAINT `pk_professor` PRIMARY KEY(`id`)
) DEFAULT CHARACTER SE...' at line 4 in C:\xampp4\htdocs\bancoDadosAluno\system\Database\MySQLi\Connection.php:295
Stack trace:
#0 C:\xampp4\htdocs\bancoDadosAluno\system\Database\MySQLi\Connection.php(295): mysqli->query('CREATE TABLE `p...', 0)
#1 C:\xampp4\htdocs\bancoDadosAluno\system\Database\BaseConnection.php(692): CodeIgniter\Database\MySQLi\Connection->execute('CREATE TABLE `p...')
#2 C:\xampp4\htdocs\bancoDadosAluno\system\Database\BaseConnection.php(606): CodeIgniter\Database\BaseConnection->simpleQuery('CREATE TABLE `p...')
#3 C:\xampp4\htdocs\bancoDadosAluno\system\Database\Forge.php(546): CodeIgniter\Database\BaseConnection->query('CREATE TABLE `p...')
#4 C:\xampp4\htdocs\bancoDadosAluno\app\Database\Migrations\2024-09-03-222307_CreateTableProfessor.php(29): CodeIgniter\Database\Forge->createTable('professor')
#5 C:\xampp4\htdocs\bancoDadosAluno\system\Database\MigrationRunner.php(877): App\Database\Migrations\CreateTableProfessor->up()
#6 C:\xampp4\htdocs\bancoDadosAluno\system\Database\MigrationRunner.php(188): CodeIgniter\Database\MigrationRunner->migrate('up', Object(stdClass))
#7 C:\xampp4\htdocs\bancoDadosAluno\system\Commands\Database\Migrate.php(84): CodeIgniter\Database\MigrationRunner->latest(NULL)
#8 C:\xampp4\htdocs\bancoDadosAluno\system\CLI\Commands.php(65): CodeIgniter\Commands\Database\Migrate->run(Array)
#9 C:\xampp4\htdocs\bancoDadosAluno\system\CLI\Console.php(37): CodeIgniter\CLI\Commands->run('migrate', Array)
#10 C:\xampp4\htdocs\bancoDadosAluno\spark(97): CodeIgniter\CLI\Console->run()
#11 {main}
ERROR - 2024-09-03 23:28:52 --> mysqli_sql_exception: You have an error in your SQL syntax; check the manual that corresponds to your MariaDB server version for the right syntax to use near 'NOT NULL,
	CONSTRAINT `pk_professor` PRIMARY KEY(`id`)
) DEFAULT CHARACTER SE...' at line 4 in C:\xampp4\htdocs\bancoDadosAluno\system\Database\MySQLi\Connection.php:295
Stack trace:
#0 C:\xampp4\htdocs\bancoDadosAluno\system\Database\MySQLi\Connection.php(295): mysqli->query('CREATE TABLE `p...', 0)
#1 C:\xampp4\htdocs\bancoDadosAluno\system\Database\BaseConnection.php(692): CodeIgniter\Database\MySQLi\Connection->execute('CREATE TABLE `p...')
#2 C:\xampp4\htdocs\bancoDadosAluno\system\Database\BaseConnection.php(606): CodeIgniter\Database\BaseConnection->simpleQuery('CREATE TABLE `p...')
#3 C:\xampp4\htdocs\bancoDadosAluno\system\Database\Forge.php(546): CodeIgniter\Database\BaseConnection->query('CREATE TABLE `p...')
#4 C:\xampp4\htdocs\bancoDadosAluno\app\Database\Migrations\2024-09-03-222307_CreateTableProfessor.php(29): CodeIgniter\Database\Forge->createTable('professor')
#5 C:\xampp4\htdocs\bancoDadosAluno\system\Database\MigrationRunner.php(877): App\Database\Migrations\CreateTableProfessor->up()
#6 C:\xampp4\htdocs\bancoDadosAluno\system\Database\MigrationRunner.php(188): CodeIgniter\Database\MigrationRunner->migrate('up', Object(stdClass))
#7 C:\xampp4\htdocs\bancoDadosAluno\system\Commands\Database\Migrate.php(84): CodeIgniter\Database\MigrationRunner->latest(NULL)
#8 C:\xampp4\htdocs\bancoDadosAluno\system\CLI\Commands.php(65): CodeIgniter\Commands\Database\Migrate->run(Array)
#9 C:\xampp4\htdocs\bancoDadosAluno\system\CLI\Console.php(37): CodeIgniter\CLI\Commands->run('migrate', Array)
#10 C:\xampp4\htdocs\bancoDadosAluno\spark(97): CodeIgniter\CLI\Console->run()
#11 {main}
