ERROR - 2024-09-06 00:23:36 --> Error connecting to the database: mysqli_sql_exception: Access denied for user ''@'localhost' (using password: NO) in C:\xampp\htdocs\projetoBD\system\Database\MySQLi\Connection.php:173
Stack trace:
#0 C:\xampp\htdocs\projetoBD\system\Database\MySQLi\Connection.php(173): mysqli->real_connect('localhost', '', Object(SensitiveParameterValue), 'bancocursos', 3306, '', 0)
#1 C:\xampp\htdocs\projetoBD\system\Database\BaseConnection.php(391): CodeIgniter\Database\MySQLi\Connection->connect(false)
#2 C:\xampp\htdocs\projetoBD\system\Database\BaseConnection.php(574): CodeIgniter\Database\BaseConnection->initialize()
#3 C:\xampp\htdocs\projetoBD\system\Database\BaseConnection.php(1409): CodeIgniter\Database\BaseConnection->query('SHOW TABLES FRO...')
#4 C:\xampp\htdocs\projetoBD\system\Database\BaseConnection.php(1428): CodeIgniter\Database\BaseConnection->listTables()
#5 C:\xampp\htdocs\projetoBD\system\Database\MigrationRunner.php(768): CodeIgniter\Database\BaseConnection->tableExists('migrations')
#6 C:\xampp\htdocs\projetoBD\system\Database\MigrationRunner.php(168): CodeIgniter\Database\MigrationRunner->ensureTable()
#7 C:\xampp\htdocs\projetoBD\system\Commands\Database\Migrate.php(84): CodeIgniter\Database\MigrationRunner->latest(NULL)
#8 C:\xampp\htdocs\projetoBD\system\CLI\Commands.php(65): CodeIgniter\Commands\Database\Migrate->run(Array)
#9 C:\xampp\htdocs\projetoBD\system\CLI\Console.php(37): CodeIgniter\CLI\Commands->run('migrate', Array)
#10 C:\xampp\htdocs\projetoBD\spark(97): CodeIgniter\CLI\Console->run()
#11 {main}

Next CodeIgniter\Database\Exceptions\DatabaseException: Access denied for user ''@'localhost' (using password: NO) in C:\xampp\htdocs\projetoBD\system\Database\MySQLi\Connection.php:218
Stack trace:
#0 C:\xampp\htdocs\projetoBD\system\Database\BaseConnection.php(391): CodeIgniter\Database\MySQLi\Connection->connect(false)
#1 C:\xampp\htdocs\projetoBD\system\Database\BaseConnection.php(574): CodeIgniter\Database\BaseConnection->initialize()
#2 C:\xampp\htdocs\projetoBD\system\Database\BaseConnection.php(1409): CodeIgniter\Database\BaseConnection->query('SHOW TABLES FRO...')
#3 C:\xampp\htdocs\projetoBD\system\Database\BaseConnection.php(1428): CodeIgniter\Database\BaseConnection->listTables()
#4 C:\xampp\htdocs\projetoBD\system\Database\MigrationRunner.php(768): CodeIgniter\Database\BaseConnection->tableExists('migrations')
#5 C:\xampp\htdocs\projetoBD\system\Database\MigrationRunner.php(168): CodeIgniter\Database\MigrationRunner->ensureTable()
#6 C:\xampp\htdocs\projetoBD\system\Commands\Database\Migrate.php(84): CodeIgniter\Database\MigrationRunner->latest(NULL)
#7 C:\xampp\htdocs\projetoBD\system\CLI\Commands.php(65): CodeIgniter\Commands\Database\Migrate->run(Array)
#8 C:\xampp\htdocs\projetoBD\system\CLI\Console.php(37): CodeIgniter\CLI\Commands->run('migrate', Array)
#9 C:\xampp\htdocs\projetoBD\spark(97): CodeIgniter\CLI\Console->run()
#10 {main}
ERROR - 2024-09-06 00:24:30 --> Error connecting to the database: mysqli_sql_exception: Access denied for user 'root'@'localhost' (using password: YES) in C:\xampp\htdocs\projetoBD\system\Database\MySQLi\Connection.php:173
Stack trace:
#0 C:\xampp\htdocs\projetoBD\system\Database\MySQLi\Connection.php(173): mysqli->real_connect('localhost', 'root', Object(SensitiveParameterValue), 'bancocursos', 3306, '', 0)
#1 C:\xampp\htdocs\projetoBD\system\Database\BaseConnection.php(391): CodeIgniter\Database\MySQLi\Connection->connect(false)
#2 C:\xampp\htdocs\projetoBD\system\Database\BaseConnection.php(574): CodeIgniter\Database\BaseConnection->initialize()
#3 C:\xampp\htdocs\projetoBD\system\Database\BaseConnection.php(1409): CodeIgniter\Database\BaseConnection->query('SHOW TABLES FRO...')
#4 C:\xampp\htdocs\projetoBD\system\Database\BaseConnection.php(1428): CodeIgniter\Database\BaseConnection->listTables()
#5 C:\xampp\htdocs\projetoBD\system\Database\MigrationRunner.php(768): CodeIgniter\Database\BaseConnection->tableExists('migrations')
#6 C:\xampp\htdocs\projetoBD\system\Database\MigrationRunner.php(168): CodeIgniter\Database\MigrationRunner->ensureTable()
#7 C:\xampp\htdocs\projetoBD\system\Commands\Database\Migrate.php(84): CodeIgniter\Database\MigrationRunner->latest(NULL)
#8 C:\xampp\htdocs\projetoBD\system\CLI\Commands.php(65): CodeIgniter\Commands\Database\Migrate->run(Array)
#9 C:\xampp\htdocs\projetoBD\system\CLI\Console.php(37): CodeIgniter\CLI\Commands->run('migrate', Array)
#10 C:\xampp\htdocs\projetoBD\spark(97): CodeIgniter\CLI\Console->run()
#11 {main}

Next CodeIgniter\Database\Exceptions\DatabaseException: Access denied for user '****'@'localhost' (using password: YES) in C:\xampp\htdocs\projetoBD\system\Database\MySQLi\Connection.php:218
Stack trace:
#0 C:\xampp\htdocs\projetoBD\system\Database\BaseConnection.php(391): CodeIgniter\Database\MySQLi\Connection->connect(false)
#1 C:\xampp\htdocs\projetoBD\system\Database\BaseConnection.php(574): CodeIgniter\Database\BaseConnection->initialize()
#2 C:\xampp\htdocs\projetoBD\system\Database\BaseConnection.php(1409): CodeIgniter\Database\BaseConnection->query('SHOW TABLES FRO...')
#3 C:\xampp\htdocs\projetoBD\system\Database\BaseConnection.php(1428): CodeIgniter\Database\BaseConnection->listTables()
#4 C:\xampp\htdocs\projetoBD\system\Database\MigrationRunner.php(768): CodeIgniter\Database\BaseConnection->tableExists('migrations')
#5 C:\xampp\htdocs\projetoBD\system\Database\MigrationRunner.php(168): CodeIgniter\Database\MigrationRunner->ensureTable()
#6 C:\xampp\htdocs\projetoBD\system\Commands\Database\Migrate.php(84): CodeIgniter\Database\MigrationRunner->latest(NULL)
#7 C:\xampp\htdocs\projetoBD\system\CLI\Commands.php(65): CodeIgniter\Commands\Database\Migrate->run(Array)
#8 C:\xampp\htdocs\projetoBD\system\CLI\Console.php(37): CodeIgniter\CLI\Commands->run('migrate', Array)
#9 C:\xampp\htdocs\projetoBD\spark(97): CodeIgniter\CLI\Console->run()
#10 {main}
ERROR - 2024-09-06 00:25:23 --> Error connecting to the database: mysqli_sql_exception: Access denied for user '%'@'localhost' (using password: YES) in C:\xampp\htdocs\projetoBD\system\Database\MySQLi\Connection.php:173
Stack trace:
#0 C:\xampp\htdocs\projetoBD\system\Database\MySQLi\Connection.php(173): mysqli->real_connect('localhost', '%', Object(SensitiveParameterValue), 'bancocursos', 3306, '', 0)
#1 C:\xampp\htdocs\projetoBD\system\Database\BaseConnection.php(391): CodeIgniter\Database\MySQLi\Connection->connect(false)
#2 C:\xampp\htdocs\projetoBD\system\Database\BaseConnection.php(574): CodeIgniter\Database\BaseConnection->initialize()
#3 C:\xampp\htdocs\projetoBD\system\Database\BaseConnection.php(1409): CodeIgniter\Database\BaseConnection->query('SHOW TABLES FRO...')
#4 C:\xampp\htdocs\projetoBD\system\Database\BaseConnection.php(1428): CodeIgniter\Database\BaseConnection->listTables()
#5 C:\xampp\htdocs\projetoBD\system\Database\MigrationRunner.php(768): CodeIgniter\Database\BaseConnection->tableExists('migrations')
#6 C:\xampp\htdocs\projetoBD\system\Database\MigrationRunner.php(168): CodeIgniter\Database\MigrationRunner->ensureTable()
#7 C:\xampp\htdocs\projetoBD\system\Commands\Database\Migrate.php(84): CodeIgniter\Database\MigrationRunner->latest(NULL)
#8 C:\xampp\htdocs\projetoBD\system\CLI\Commands.php(65): CodeIgniter\Commands\Database\Migrate->run(Array)
#9 C:\xampp\htdocs\projetoBD\system\CLI\Console.php(37): CodeIgniter\CLI\Commands->run('migrate', Array)
#10 C:\xampp\htdocs\projetoBD\spark(97): CodeIgniter\CLI\Console->run()
#11 {main}

Next CodeIgniter\Database\Exceptions\DatabaseException: Access denied for user '****'@'localhost' (using password: YES) in C:\xampp\htdocs\projetoBD\system\Database\MySQLi\Connection.php:218
Stack trace:
#0 C:\xampp\htdocs\projetoBD\system\Database\BaseConnection.php(391): CodeIgniter\Database\MySQLi\Connection->connect(false)
#1 C:\xampp\htdocs\projetoBD\system\Database\BaseConnection.php(574): CodeIgniter\Database\BaseConnection->initialize()
#2 C:\xampp\htdocs\projetoBD\system\Database\BaseConnection.php(1409): CodeIgniter\Database\BaseConnection->query('SHOW TABLES FRO...')
#3 C:\xampp\htdocs\projetoBD\system\Database\BaseConnection.php(1428): CodeIgniter\Database\BaseConnection->listTables()
#4 C:\xampp\htdocs\projetoBD\system\Database\MigrationRunner.php(768): CodeIgniter\Database\BaseConnection->tableExists('migrations')
#5 C:\xampp\htdocs\projetoBD\system\Database\MigrationRunner.php(168): CodeIgniter\Database\MigrationRunner->ensureTable()
#6 C:\xampp\htdocs\projetoBD\system\Commands\Database\Migrate.php(84): CodeIgniter\Database\MigrationRunner->latest(NULL)
#7 C:\xampp\htdocs\projetoBD\system\CLI\Commands.php(65): CodeIgniter\Commands\Database\Migrate->run(Array)
#8 C:\xampp\htdocs\projetoBD\system\CLI\Console.php(37): CodeIgniter\CLI\Commands->run('migrate', Array)
#9 C:\xampp\htdocs\projetoBD\spark(97): CodeIgniter\CLI\Console->run()
#10 {main}
ERROR - 2024-09-06 01:13:55 --> mysqli_sql_exception: Unknown table 'bancocursos.curso' in C:\xampp\htdocs\projetoBD\system\Database\MySQLi\Connection.php:295
Stack trace:
#0 C:\xampp\htdocs\projetoBD\system\Database\MySQLi\Connection.php(295): mysqli->query('DROP TABLE `cur...', 0)
#1 C:\xampp\htdocs\projetoBD\system\Database\BaseConnection.php(692): CodeIgniter\Database\MySQLi\Connection->execute('DROP TABLE `cur...')
#2 C:\xampp\htdocs\projetoBD\system\Database\BaseConnection.php(606): CodeIgniter\Database\BaseConnection->simpleQuery('DROP TABLE `cur...')
#3 C:\xampp\htdocs\projetoBD\system\Database\Forge.php(637): CodeIgniter\Database\BaseConnection->query('DROP TABLE `cur...')
#4 C:\xampp\htdocs\projetoBD\app\Database\Migrations\2024-09-06-005400_CreateTableCurso.php(45): CodeIgniter\Database\Forge->dropTable('curso')
#5 C:\xampp\htdocs\projetoBD\system\Database\MigrationRunner.php(877): App\Database\Migrations\CreateTableCurso->down()
#6 C:\xampp\htdocs\projetoBD\system\Database\MigrationRunner.php(299): CodeIgniter\Database\MigrationRunner->migrate('down', Object(stdClass))
#7 C:\xampp\htdocs\projetoBD\system\Commands\Database\MigrateRollback.php(92): CodeIgniter\Database\MigrationRunner->regress(1)
#8 C:\xampp\htdocs\projetoBD\system\CLI\Commands.php(65): CodeIgniter\Commands\Database\MigrateRollback->run(Array)
#9 C:\xampp\htdocs\projetoBD\system\CLI\Console.php(37): CodeIgniter\CLI\Commands->run('migrate:rollbac...', Array)
#10 C:\xampp\htdocs\projetoBD\spark(97): CodeIgniter\CLI\Console->run()
#11 {main}
ERROR - 2024-09-06 01:14:36 --> mysqli_sql_exception: MySQL server has gone away in C:\xampp\htdocs\projetoBD\system\Database\MySQLi\Connection.php:295
Stack trace:
#0 C:\xampp\htdocs\projetoBD\system\Database\MySQLi\Connection.php(295): mysqli->query('CREATE TABLE `c...', 0)
#1 C:\xampp\htdocs\projetoBD\system\Database\BaseConnection.php(692): CodeIgniter\Database\MySQLi\Connection->execute('CREATE TABLE `c...')
#2 C:\xampp\htdocs\projetoBD\system\Database\BaseConnection.php(606): CodeIgniter\Database\BaseConnection->simpleQuery('CREATE TABLE `c...')
#3 C:\xampp\htdocs\projetoBD\system\Database\Forge.php(546): CodeIgniter\Database\BaseConnection->query('CREATE TABLE `c...')
#4 C:\xampp\htdocs\projetoBD\app\Database\Migrations\2024-09-06-005400_CreateTableCurso.php(40): CodeIgniter\Database\Forge->createTable('curso')
#5 C:\xampp\htdocs\projetoBD\system\Database\MigrationRunner.php(877): App\Database\Migrations\CreateTableCurso->up()
#6 C:\xampp\htdocs\projetoBD\system\Database\MigrationRunner.php(188): CodeIgniter\Database\MigrationRunner->migrate('up', Object(stdClass))
#7 C:\xampp\htdocs\projetoBD\system\Commands\Database\Migrate.php(84): CodeIgniter\Database\MigrationRunner->latest(NULL)
#8 C:\xampp\htdocs\projetoBD\system\CLI\Commands.php(65): CodeIgniter\Commands\Database\Migrate->run(Array)
#9 C:\xampp\htdocs\projetoBD\system\CLI\Console.php(37): CodeIgniter\CLI\Commands->run('migrate', Array)
#10 C:\xampp\htdocs\projetoBD\spark(97): CodeIgniter\CLI\Console->run()
#11 {main}
ERROR - 2024-09-06 01:15:40 --> Error connecting to the database: mysqli_sql_exception: Nenhuma conexão pôde ser feita porque a máquina de destino as recusou ativamente in C:\xampp\htdocs\projetoBD\system\Database\MySQLi\Connection.php:173
Stack trace:
#0 C:\xampp\htdocs\projetoBD\system\Database\MySQLi\Connection.php(173): mysqli->real_connect('localhost', 'root', Object(SensitiveParameterValue), 'bancocursos', 3306, '', 0)
#1 C:\xampp\htdocs\projetoBD\system\Database\BaseConnection.php(391): CodeIgniter\Database\MySQLi\Connection->connect(false)
#2 C:\xampp\htdocs\projetoBD\system\Database\BaseConnection.php(574): CodeIgniter\Database\BaseConnection->initialize()
#3 C:\xampp\htdocs\projetoBD\system\Database\BaseConnection.php(1409): CodeIgniter\Database\BaseConnection->query('SHOW TABLES FRO...')
#4 C:\xampp\htdocs\projetoBD\system\Database\BaseConnection.php(1428): CodeIgniter\Database\BaseConnection->listTables()
#5 C:\xampp\htdocs\projetoBD\system\Database\MigrationRunner.php(768): CodeIgniter\Database\BaseConnection->tableExists('migrations')
#6 C:\xampp\htdocs\projetoBD\system\Database\MigrationRunner.php(168): CodeIgniter\Database\MigrationRunner->ensureTable()
#7 C:\xampp\htdocs\projetoBD\system\Commands\Database\Migrate.php(84): CodeIgniter\Database\MigrationRunner->latest(NULL)
#8 C:\xampp\htdocs\projetoBD\system\CLI\Commands.php(65): CodeIgniter\Commands\Database\Migrate->run(Array)
#9 C:\xampp\htdocs\projetoBD\system\CLI\Console.php(37): CodeIgniter\CLI\Commands->run('migrate', Array)
#10 C:\xampp\htdocs\projetoBD\spark(97): CodeIgniter\CLI\Console->run()
#11 {main}

Next CodeIgniter\Database\Exceptions\DatabaseException: Nenhuma conexão pôde ser feita porque a máquina de destino as recusou ativamente in C:\xampp\htdocs\projetoBD\system\Database\MySQLi\Connection.php:218
Stack trace:
#0 C:\xampp\htdocs\projetoBD\system\Database\BaseConnection.php(391): CodeIgniter\Database\MySQLi\Connection->connect(false)
#1 C:\xampp\htdocs\projetoBD\system\Database\BaseConnection.php(574): CodeIgniter\Database\BaseConnection->initialize()
#2 C:\xampp\htdocs\projetoBD\system\Database\BaseConnection.php(1409): CodeIgniter\Database\BaseConnection->query('SHOW TABLES FRO...')
#3 C:\xampp\htdocs\projetoBD\system\Database\BaseConnection.php(1428): CodeIgniter\Database\BaseConnection->listTables()
#4 C:\xampp\htdocs\projetoBD\system\Database\MigrationRunner.php(768): CodeIgniter\Database\BaseConnection->tableExists('migrations')
#5 C:\xampp\htdocs\projetoBD\system\Database\MigrationRunner.php(168): CodeIgniter\Database\MigrationRunner->ensureTable()
#6 C:\xampp\htdocs\projetoBD\system\Commands\Database\Migrate.php(84): CodeIgniter\Database\MigrationRunner->latest(NULL)
#7 C:\xampp\htdocs\projetoBD\system\CLI\Commands.php(65): CodeIgniter\Commands\Database\Migrate->run(Array)
#8 C:\xampp\htdocs\projetoBD\system\CLI\Console.php(37): CodeIgniter\CLI\Commands->run('migrate', Array)
#9 C:\xampp\htdocs\projetoBD\spark(97): CodeIgniter\CLI\Console->run()
#10 {main}
ERROR - 2024-09-06 01:15:57 --> mysqli_sql_exception: Table 'curso' already exists in C:\xampp\htdocs\projetoBD\system\Database\MySQLi\Connection.php:295
Stack trace:
#0 C:\xampp\htdocs\projetoBD\system\Database\MySQLi\Connection.php(295): mysqli->query('CREATE TABLE `c...', 0)
#1 C:\xampp\htdocs\projetoBD\system\Database\BaseConnection.php(692): CodeIgniter\Database\MySQLi\Connection->execute('CREATE TABLE `c...')
#2 C:\xampp\htdocs\projetoBD\system\Database\BaseConnection.php(606): CodeIgniter\Database\BaseConnection->simpleQuery('CREATE TABLE `c...')
#3 C:\xampp\htdocs\projetoBD\system\Database\Forge.php(546): CodeIgniter\Database\BaseConnection->query('CREATE TABLE `c...')
#4 C:\xampp\htdocs\projetoBD\app\Database\Migrations\2024-09-06-005400_CreateTableCurso.php(40): CodeIgniter\Database\Forge->createTable('curso')
#5 C:\xampp\htdocs\projetoBD\system\Database\MigrationRunner.php(877): App\Database\Migrations\CreateTableCurso->up()
#6 C:\xampp\htdocs\projetoBD\system\Database\MigrationRunner.php(188): CodeIgniter\Database\MigrationRunner->migrate('up', Object(stdClass))
#7 C:\xampp\htdocs\projetoBD\system\Commands\Database\Migrate.php(84): CodeIgniter\Database\MigrationRunner->latest(NULL)
#8 C:\xampp\htdocs\projetoBD\system\CLI\Commands.php(65): CodeIgniter\Commands\Database\Migrate->run(Array)
#9 C:\xampp\htdocs\projetoBD\system\CLI\Console.php(37): CodeIgniter\CLI\Commands->run('migrate', Array)
#10 C:\xampp\htdocs\projetoBD\spark(97): CodeIgniter\CLI\Console->run()
#11 {main}
ERROR - 2024-09-06 01:17:39 --> mysqli_sql_exception: Table 'curso' already exists in C:\xampp\htdocs\projetoBD\system\Database\MySQLi\Connection.php:295
Stack trace:
#0 C:\xampp\htdocs\projetoBD\system\Database\MySQLi\Connection.php(295): mysqli->query('CREATE TABLE `c...', 0)
#1 C:\xampp\htdocs\projetoBD\system\Database\BaseConnection.php(692): CodeIgniter\Database\MySQLi\Connection->execute('CREATE TABLE `c...')
#2 C:\xampp\htdocs\projetoBD\system\Database\BaseConnection.php(606): CodeIgniter\Database\BaseConnection->simpleQuery('CREATE TABLE `c...')
#3 C:\xampp\htdocs\projetoBD\system\Database\Forge.php(546): CodeIgniter\Database\BaseConnection->query('CREATE TABLE `c...')
#4 C:\xampp\htdocs\projetoBD\app\Database\Migrations\2024-09-06-005400_CreateTableCurso.php(40): CodeIgniter\Database\Forge->createTable('curso')
#5 C:\xampp\htdocs\projetoBD\system\Database\MigrationRunner.php(877): App\Database\Migrations\CreateTableCurso->up()
#6 C:\xampp\htdocs\projetoBD\system\Database\MigrationRunner.php(188): CodeIgniter\Database\MigrationRunner->migrate('up', Object(stdClass))
#7 C:\xampp\htdocs\projetoBD\system\Commands\Database\Migrate.php(84): CodeIgniter\Database\MigrationRunner->latest(NULL)
#8 C:\xampp\htdocs\projetoBD\system\CLI\Commands.php(65): CodeIgniter\Commands\Database\Migrate->run(Array)
#9 C:\xampp\htdocs\projetoBD\system\CLI\BaseCommand.php(114): CodeIgniter\CLI\Commands->run('migrate', Array)
#10 C:\xampp\htdocs\projetoBD\system\Commands\Database\MigrateRefresh.php(85): CodeIgniter\CLI\BaseCommand->call('migrate', Array)
#11 C:\xampp\htdocs\projetoBD\system\CLI\Commands.php(65): CodeIgniter\Commands\Database\MigrateRefresh->run(Array)
#12 C:\xampp\htdocs\projetoBD\system\CLI\Console.php(37): CodeIgniter\CLI\Commands->run('migrate:refresh', Array)
#13 C:\xampp\htdocs\projetoBD\spark(97): CodeIgniter\CLI\Console->run()
#14 {main}
ERROR - 2024-09-06 01:18:46 --> mysqli_sql_exception: Tablespace for table '`bancocursos`.`curso`' exists. Please DISCARD the tablespace before IMPORT in C:\xampp\htdocs\projetoBD\system\Database\MySQLi\Connection.php:295
Stack trace:
#0 C:\xampp\htdocs\projetoBD\system\Database\MySQLi\Connection.php(295): mysqli->query('CREATE TABLE `c...', 0)
#1 C:\xampp\htdocs\projetoBD\system\Database\BaseConnection.php(692): CodeIgniter\Database\MySQLi\Connection->execute('CREATE TABLE `c...')
#2 C:\xampp\htdocs\projetoBD\system\Database\BaseConnection.php(606): CodeIgniter\Database\BaseConnection->simpleQuery('CREATE TABLE `c...')
#3 C:\xampp\htdocs\projetoBD\system\Database\Forge.php(546): CodeIgniter\Database\BaseConnection->query('CREATE TABLE `c...')
#4 C:\xampp\htdocs\projetoBD\app\Database\Migrations\2024-09-06-005400_CreateTableCurso.php(40): CodeIgniter\Database\Forge->createTable('curso')
#5 C:\xampp\htdocs\projetoBD\system\Database\MigrationRunner.php(877): App\Database\Migrations\CreateTableCurso->up()
#6 C:\xampp\htdocs\projetoBD\system\Database\MigrationRunner.php(188): CodeIgniter\Database\MigrationRunner->migrate('up', Object(stdClass))
#7 C:\xampp\htdocs\projetoBD\system\Commands\Database\Migrate.php(84): CodeIgniter\Database\MigrationRunner->latest(NULL)
#8 C:\xampp\htdocs\projetoBD\system\CLI\Commands.php(65): CodeIgniter\Commands\Database\Migrate->run(Array)
#9 C:\xampp\htdocs\projetoBD\system\CLI\Console.php(37): CodeIgniter\CLI\Commands->run('migrate', Array)
#10 C:\xampp\htdocs\projetoBD\spark(97): CodeIgniter\CLI\Console->run()
#11 {main}
ERROR - 2024-09-06 01:19:12 --> mysqli_sql_exception: Tablespace for table '`bancocursos`.`curso`' exists. Please DISCARD the tablespace before IMPORT in C:\xampp\htdocs\projetoBD\system\Database\MySQLi\Connection.php:295
Stack trace:
#0 C:\xampp\htdocs\projetoBD\system\Database\MySQLi\Connection.php(295): mysqli->query('CREATE TABLE `c...', 0)
#1 C:\xampp\htdocs\projetoBD\system\Database\BaseConnection.php(692): CodeIgniter\Database\MySQLi\Connection->execute('CREATE TABLE `c...')
#2 C:\xampp\htdocs\projetoBD\system\Database\BaseConnection.php(606): CodeIgniter\Database\BaseConnection->simpleQuery('CREATE TABLE `c...')
#3 C:\xampp\htdocs\projetoBD\system\Database\Forge.php(546): CodeIgniter\Database\BaseConnection->query('CREATE TABLE `c...')
#4 C:\xampp\htdocs\projetoBD\app\Database\Migrations\2024-09-06-005400_CreateTableCurso.php(40): CodeIgniter\Database\Forge->createTable('curso')
#5 C:\xampp\htdocs\projetoBD\system\Database\MigrationRunner.php(877): App\Database\Migrations\CreateTableCurso->up()
#6 C:\xampp\htdocs\projetoBD\system\Database\MigrationRunner.php(188): CodeIgniter\Database\MigrationRunner->migrate('up', Object(stdClass))
#7 C:\xampp\htdocs\projetoBD\system\Commands\Database\Migrate.php(84): CodeIgniter\Database\MigrationRunner->latest(NULL)
#8 C:\xampp\htdocs\projetoBD\system\CLI\Commands.php(65): CodeIgniter\Commands\Database\Migrate->run(Array)
#9 C:\xampp\htdocs\projetoBD\system\CLI\Console.php(37): CodeIgniter\CLI\Commands->run('migrate', Array)
#10 C:\xampp\htdocs\projetoBD\spark(97): CodeIgniter\CLI\Console->run()
#11 {main}
ERROR - 2024-09-06 01:20:07 --> mysqli_sql_exception: Tablespace for table '`bancocursos`.`curso`' exists. Please DISCARD the tablespace before IMPORT in C:\xampp\htdocs\projetoBD\system\Database\MySQLi\Connection.php:295
Stack trace:
#0 C:\xampp\htdocs\projetoBD\system\Database\MySQLi\Connection.php(295): mysqli->query('CREATE TABLE `c...', 0)
#1 C:\xampp\htdocs\projetoBD\system\Database\BaseConnection.php(692): CodeIgniter\Database\MySQLi\Connection->execute('CREATE TABLE `c...')
#2 C:\xampp\htdocs\projetoBD\system\Database\BaseConnection.php(606): CodeIgniter\Database\BaseConnection->simpleQuery('CREATE TABLE `c...')
#3 C:\xampp\htdocs\projetoBD\system\Database\Forge.php(546): CodeIgniter\Database\BaseConnection->query('CREATE TABLE `c...')
#4 C:\xampp\htdocs\projetoBD\app\Database\Migrations\2024-09-06-005400_CreateTableCurso.php(40): CodeIgniter\Database\Forge->createTable('curso')
#5 C:\xampp\htdocs\projetoBD\system\Database\MigrationRunner.php(877): App\Database\Migrations\CreateTableCurso->up()
#6 C:\xampp\htdocs\projetoBD\system\Database\MigrationRunner.php(188): CodeIgniter\Database\MigrationRunner->migrate('up', Object(stdClass))
#7 C:\xampp\htdocs\projetoBD\system\Commands\Database\Migrate.php(84): CodeIgniter\Database\MigrationRunner->latest(NULL)
#8 C:\xampp\htdocs\projetoBD\system\CLI\Commands.php(65): CodeIgniter\Commands\Database\Migrate->run(Array)
#9 C:\xampp\htdocs\projetoBD\system\CLI\Console.php(37): CodeIgniter\CLI\Commands->run('migrate', Array)
#10 C:\xampp\htdocs\projetoBD\spark(97): CodeIgniter\CLI\Console->run()
#11 {main}
ERROR - 2024-09-06 01:20:54 --> mysqli_sql_exception: Tablespace for table '`bancocursos`.`curso`' exists. Please DISCARD the tablespace before IMPORT in C:\xampp\htdocs\projetoBD\system\Database\MySQLi\Connection.php:295
Stack trace:
#0 C:\xampp\htdocs\projetoBD\system\Database\MySQLi\Connection.php(295): mysqli->query('CREATE TABLE `c...', 0)
#1 C:\xampp\htdocs\projetoBD\system\Database\BaseConnection.php(692): CodeIgniter\Database\MySQLi\Connection->execute('CREATE TABLE `c...')
#2 C:\xampp\htdocs\projetoBD\system\Database\BaseConnection.php(606): CodeIgniter\Database\BaseConnection->simpleQuery('CREATE TABLE `c...')
#3 C:\xampp\htdocs\projetoBD\system\Database\Forge.php(546): CodeIgniter\Database\BaseConnection->query('CREATE TABLE `c...')
#4 C:\xampp\htdocs\projetoBD\app\Database\Migrations\2024-09-06-005400_CreateTableCurso.php(40): CodeIgniter\Database\Forge->createTable('curso')
#5 C:\xampp\htdocs\projetoBD\system\Database\MigrationRunner.php(877): App\Database\Migrations\CreateTableCurso->up()
#6 C:\xampp\htdocs\projetoBD\system\Database\MigrationRunner.php(188): CodeIgniter\Database\MigrationRunner->migrate('up', Object(stdClass))
#7 C:\xampp\htdocs\projetoBD\system\Commands\Database\Migrate.php(84): CodeIgniter\Database\MigrationRunner->latest(NULL)
#8 C:\xampp\htdocs\projetoBD\system\CLI\Commands.php(65): CodeIgniter\Commands\Database\Migrate->run(Array)
#9 C:\xampp\htdocs\projetoBD\system\CLI\Console.php(37): CodeIgniter\CLI\Commands->run('migrate', Array)
#10 C:\xampp\htdocs\projetoBD\spark(97): CodeIgniter\CLI\Console->run()
#11 {main}
ERROR - 2024-09-06 01:21:49 --> mysqli_sql_exception: Can't create table `bancocursos`.`cursos` (errno: 150 "Foreign key constraint is incorrectly formed") in C:\xampp\htdocs\projetoBD\system\Database\MySQLi\Connection.php:295
Stack trace:
#0 C:\xampp\htdocs\projetoBD\system\Database\MySQLi\Connection.php(295): mysqli->query('CREATE TABLE `c...', 0)
#1 C:\xampp\htdocs\projetoBD\system\Database\BaseConnection.php(692): CodeIgniter\Database\MySQLi\Connection->execute('CREATE TABLE `c...')
#2 C:\xampp\htdocs\projetoBD\system\Database\BaseConnection.php(606): CodeIgniter\Database\BaseConnection->simpleQuery('CREATE TABLE `c...')
#3 C:\xampp\htdocs\projetoBD\system\Database\Forge.php(546): CodeIgniter\Database\BaseConnection->query('CREATE TABLE `c...')
#4 C:\xampp\htdocs\projetoBD\app\Database\Migrations\2024-09-06-005400_CreateTableCurso.php(40): CodeIgniter\Database\Forge->createTable('cursos')
#5 C:\xampp\htdocs\projetoBD\system\Database\MigrationRunner.php(877): App\Database\Migrations\CreateTableCurso->up()
#6 C:\xampp\htdocs\projetoBD\system\Database\MigrationRunner.php(188): CodeIgniter\Database\MigrationRunner->migrate('up', Object(stdClass))
#7 C:\xampp\htdocs\projetoBD\system\Commands\Database\Migrate.php(84): CodeIgniter\Database\MigrationRunner->latest(NULL)
#8 C:\xampp\htdocs\projetoBD\system\CLI\Commands.php(65): CodeIgniter\Commands\Database\Migrate->run(Array)
#9 C:\xampp\htdocs\projetoBD\system\CLI\Console.php(37): CodeIgniter\CLI\Commands->run('migrate', Array)
#10 C:\xampp\htdocs\projetoBD\spark(97): CodeIgniter\CLI\Console->run()
#11 {main}
ERROR - 2024-09-06 01:22:35 --> mysqli_sql_exception: Can't create table `bancocursos`.`cursos` (errno: 150 "Foreign key constraint is incorrectly formed") in C:\xampp\htdocs\projetoBD\system\Database\MySQLi\Connection.php:295
Stack trace:
#0 C:\xampp\htdocs\projetoBD\system\Database\MySQLi\Connection.php(295): mysqli->query('CREATE TABLE `c...', 0)
#1 C:\xampp\htdocs\projetoBD\system\Database\BaseConnection.php(692): CodeIgniter\Database\MySQLi\Connection->execute('CREATE TABLE `c...')
#2 C:\xampp\htdocs\projetoBD\system\Database\BaseConnection.php(606): CodeIgniter\Database\BaseConnection->simpleQuery('CREATE TABLE `c...')
#3 C:\xampp\htdocs\projetoBD\system\Database\Forge.php(546): CodeIgniter\Database\BaseConnection->query('CREATE TABLE `c...')
#4 C:\xampp\htdocs\projetoBD\app\Database\Migrations\2024-09-06-005400_CreateTableCurso.php(40): CodeIgniter\Database\Forge->createTable('cursos')
#5 C:\xampp\htdocs\projetoBD\system\Database\MigrationRunner.php(877): App\Database\Migrations\CreateTableCurso->up()
#6 C:\xampp\htdocs\projetoBD\system\Database\MigrationRunner.php(188): CodeIgniter\Database\MigrationRunner->migrate('up', Object(stdClass))
#7 C:\xampp\htdocs\projetoBD\system\Commands\Database\Migrate.php(84): CodeIgniter\Database\MigrationRunner->latest(NULL)
#8 C:\xampp\htdocs\projetoBD\system\CLI\Commands.php(65): CodeIgniter\Commands\Database\Migrate->run(Array)
#9 C:\xampp\htdocs\projetoBD\system\CLI\Console.php(37): CodeIgniter\CLI\Commands->run('migrate', Array)
#10 C:\xampp\htdocs\projetoBD\spark(97): CodeIgniter\CLI\Console->run()
#11 {main}
